{
  "RSpec": {
    "coverage": {
      "/ZLPInterviewer/app/helpers/admins_helper.rb": {
        "lines": [
          1,
          null
        ]
      },
      "/ZLPInterviewer/app/helpers/application_helper.rb": {
        "lines": [
          1,
          null
        ]
      },
      "/ZLPInterviewer/app/helpers/users_helper.rb": {
        "lines": [
          1,
          null
        ]
      },
      "/ZLPInterviewer/app/mailers/user_mailer.rb": {
        "lines": [
          1,
          1,
          4,
          4,
          null,
          null,
          1,
          4,
          null,
          4,
          null,
          null
        ]
      },
      "/ZLPInterviewer/app/mailers/application_mailer.rb": {
        "lines": [
          1,
          1,
          1,
          null
        ]
      },
      "/ZLPInterviewer/app/models/user.rb": {
        "lines": [
          1,
          1,
          1,
          1,
          1,
          1,
          1,
          1,
          null,
          1,
          null,
          7,
          7,
          7,
          7,
          1,
          null,
          null,
          null,
          1,
          7,
          7,
          7,
          0,
          null,
          null,
          null,
          null,
          null,
          null,
          null,
          null,
          null,
          null,
          null,
          null,
          null,
          null,
          null,
          null,
          null,
          null,
          null,
          null,
          null,
          null,
          null,
          null,
          null,
          null,
          null,
          null,
          null,
          null,
          null,
          null,
          null,
          null,
          null,
          null,
          null,
          null,
          null,
          null,
          null,
          null,
          null,
          null,
          null,
          null,
          null,
          null,
          null,
          1,
          16,
          null,
          16,
          16,
          16,
          16,
          16,
          16,
          16,
          16,
          16,
          16,
          16,
          null,
          null,
          16,
          16,
          16,
          null,
          null,
          null,
          16,
          16,
          null,
          16,
          16,
          16,
          0,
          0,
          0,
          null,
          null,
          16,
          0,
          0,
          16,
          16,
          16,
          null,
          null,
          16,
          16,
          16,
          16,
          240,
          160,
          80,
          null,
          160,
          32,
          null,
          128,
          null,
          null,
          80,
          40,
          null,
          80,
          null,
          null,
          null,
          240,
          240,
          120,
          null,
          360,
          null,
          null,
          120,
          null,
          null,
          null,
          null,
          null,
          null,
          null,
          null,
          null,
          16,
          16,
          null,
          16,
          188,
          52,
          52,
          null,
          188,
          188,
          null,
          null,
          null,
          16,
          16,
          64,
          752,
          null,
          null,
          null,
          16,
          16,
          16,
          2,
          2,
          null,
          null,
          null,
          null,
          16,
          2,
          null,
          null,
          16,
          16,
          752,
          752,
          null,
          null,
          null,
          null,
          16,
          null,
          null,
          null,
          null
        ]
      },
      "/ZLPInterviewer/app/models/application_record.rb": {
        "lines": [
          1,
          1,
          null
        ]
      },
      "/ZLPInterviewer/app/controllers/admins_controller.rb": {
        "lines": [
          1,
          null,
          1,
          1,
          null,
          null,
          1,
          null,
          null,
          1,
          13,
          13,
          13,
          13,
          15,
          null,
          null,
          null,
          null,
          1,
          null,
          null,
          null,
          1,
          10,
          null,
          null,
          null,
          null,
          1,
          null,
          null,
          null,
          1,
          10,
          null,
          10,
          10,
          20,
          10,
          null,
          0,
          0,
          null,
          null,
          null,
          null,
          null,
          1,
          3,
          3,
          6,
          3,
          null,
          0,
          0,
          null,
          null,
          null,
          null,
          null,
          1,
          1,
          1,
          2,
          1,
          null,
          null,
          null,
          1,
          0,
          null,
          0,
          0,
          0,
          null,
          null,
          null,
          1,
          0,
          null,
          null,
          1,
          null,
          1,
          20,
          null,
          null,
          null,
          1,
          13,
          null,
          null,
          null,
          null
        ]
      },
      "/ZLPInterviewer/app/controllers/application_controller.rb": {
        "lines": [
          1,
          null
        ]
      },
      "/ZLPInterviewer/app/models/admin.rb": {
        "lines": [
          1,
          1,
          1,
          1,
          1,
          1,
          1,
          1,
          1,
          1,
          1,
          1,
          null,
          1,
          14,
          14,
          14,
          0,
          0,
          null,
          null,
          14,
          0,
          null,
          null,
          null,
          14,
          14,
          0,
          0,
          null,
          null,
          null,
          1,
          14,
          14,
          14,
          0,
          0,
          null,
          null,
          14,
          14,
          14,
          0,
          null,
          null,
          null,
          null,
          null,
          1,
          0,
          0,
          0,
          0,
          null,
          0,
          0,
          0,
          null,
          null,
          null,
          1,
          2,
          2,
          2,
          1,
          null,
          2,
          1,
          1,
          0,
          0,
          0,
          null,
          0,
          null,
          null,
          1,
          null,
          3,
          null,
          2,
          2,
          2,
          1,
          1,
          1,
          0,
          null,
          1,
          null,
          null,
          null,
          null,
          null,
          null
        ]
      },
      "/ZLPInterviewer/app/controllers/users_controller.rb": {
        "lines": [
          1,
          1,
          null,
          null,
          1,
          0,
          0,
          null,
          null,
          null,
          1,
          null,
          null,
          null,
          1,
          6,
          6,
          6,
          null,
          0,
          0,
          null,
          null,
          null,
          null,
          null,
          1,
          null,
          null,
          null,
          1,
          6,
          null,
          6,
          6,
          8,
          4,
          4,
          4,
          null,
          4,
          2,
          null,
          null,
          null,
          null,
          null,
          null,
          1,
          1,
          1,
          2,
          1,
          1,
          1,
          null,
          0,
          0,
          null,
          null,
          null,
          null,
          null,
          1,
          2,
          2,
          4,
          2,
          null,
          null,
          null,
          1,
          null,
          1,
          8,
          null,
          null,
          null,
          1,
          7,
          null,
          null,
          1,
          0,
          null,
          null
        ]
      }
    },
    "timestamp": 1637025693
  }
}
